Arguments: 
  C:\Program Files\nodejs\node.exe C:\Program Files\nodejs\node_modules\yarn\bin\yarn.js add money-helpers

PATH: 
  C:\Program Files\Eclipse Adoptium\jdk-11.0.15.10-hotspot\bin;C:\ProgramData\Oracle\Java\javapath;C:\Windows\system32;C:\Windows;C:\Windows\System32\Wbem;C:\Windows\System32\WindowsPowerShell\v1.0\;C:\Windows\System32\OpenSSH\;C:\Program Files (x86)\ZeroTier\One\;C:\Users\Xiza\AppData\Roaming\nvm;C:\Program Files\nodejs;C:\Program Files\Git\cmd;C:\Users\Xiza\AppData\Local\Programs\Python\Python310\Scripts\;C:\Users\Xiza\AppData\Local\Programs\Python\Python310\;C:\Users\Xiza\AppData\Local\Microsoft\WindowsApps;C:\Users\Xiza\AppData\Local\Programs\Microsoft VS Code\bin;C:\Users\Xiza\AppData\Roaming\nvm;C:\Program Files\nodejs;C:\Program Files\JetBrains\IntelliJ IDEA 2022.1.3\bin;;C:\Users\Xiza\AppData\Local\GitHubDesktop\bin

Yarn version: 
  1.22.19

Node version: 
  16.14.2

Platform: 
  win32 x64

Trace: 
  Error: https://registry.yarnpkg.com/money-helpers: Not found
      at Request.params.callback [as _callback] (C:\Users\Xiza\AppData\Roaming\nvm\v16.14.2\node_modules\yarn\lib\cli.js:66145:18)
      at Request.self.callback (C:\Users\Xiza\AppData\Roaming\nvm\v16.14.2\node_modules\yarn\lib\cli.js:140890:22)
      at Request.emit (node:events:526:28)
      at Request.<anonymous> (C:\Users\Xiza\AppData\Roaming\nvm\v16.14.2\node_modules\yarn\lib\cli.js:141862:10)
      at Request.emit (node:events:526:28)
      at IncomingMessage.<anonymous> (C:\Users\Xiza\AppData\Roaming\nvm\v16.14.2\node_modules\yarn\lib\cli.js:141784:12)
      at Object.onceWrapper (node:events:645:28)
      at IncomingMessage.emit (node:events:538:35)
      at endReadableNT (node:internal/streams/readable:1345:12)
      at processTicksAndRejections (node:internal/process/task_queues:83:21)

npm manifest: 
  {
    "name": "money-helper",
    "version": "1.0.0",
    "main": "index.js",
    "license": "MIT",
    "scripts": {
      "tsc": "tsc",
      "dev": "ts-node-dev ./src/index.ts",
      "start": "tsc && node ./dist/index.js"
    },
    "author": {
      "name": "Xiza",
      "email": "m.fajardo.1098@gmail.com"
    },
    "devDependencies": {
      "typescript": "^4.8.2"
    },
    "dependencies": {
      "money-helper": "^1.0.0"
    }
  }

yarn manifest: 
  No manifest

Lockfile: 
  # THIS IS AN AUTOGENERATED FILE. DO NOT EDIT THIS FILE DIRECTLY.
  # yarn lockfile v1
  
  
  money-helper@^1.0.0:
    version "1.0.0"
    resolved "https://registry.yarnpkg.com/money-helper/-/money-helper-1.0.0.tgz#c3d44cae370b05963b4e0c36895f2fac87cdafda"
    integrity sha512-lK8WmOyXMQl7pF11zYq6rYLzZE7/tBGvlHEc3cTJHL9PlVq1BZmO+3Qnkylv27di1IcMpDrl2Oz2GoCLloyWng==
  
  typescript@^4.8.2:
    version "4.8.2"
    resolved "https://registry.yarnpkg.com/typescript/-/typescript-4.8.2.tgz#e3b33d5ccfb5914e4eeab6699cf208adee3fd790"
    integrity sha512-C0I1UsrrDHo2fYI5oaCGbSejwX4ch+9Y5jTQELvovfmFkK3HHSZJB8MSJcWLmCUBzQBchCrZ9rMRV6GuNrvGtw==
